
Build: 2007-07-04 09:29
  concord: 3.3.1
  dat2site: 1.2.1
  listgps: 1.2.1
  snap: 2.2.1
  snapconv: 2.2.1
  snapgeoid: 2.2.1
  snapmerge: 1.0.1
  snapplot: 2.2.1
  snapspec: 1.2.1
  snap_manager: 1.1.1

Build: 2007-07-04 09:40
  concord: 3.3.2
  dat2site: 1.2.2
  listgps: 1.2.2
  snap: 2.2.2
  snapconv: 2.2.2
  snapgeoid: 2.2.2
  snapmerge: 1.0.2
  snapplot: 2.2.2
  snapspec: 1.2.2
  snap_manager: 1.1.2

Build: 2007-07-06 10:41
  concord: 3.3.3
  dat2site: 1.2.3
  listgps: 1.2.3
  snap: 2.2.3
  snapconv: 2.2.3
  snapgeoid: 2.2.3
  snapmerge: 1.0.3
  snapplot: 2.2.3
  snapspec: 1.2.3
  snap_manager: 1.1.3

Build: 2007-07-08 07:56
  concord: 3.3.4
  dat2site: 1.2.4
  listgps: 1.2.4
  snap: 2.2.4
  snapconv: 2.2.4
  snapgeoid: 2.2.4
  snapmerge: 1.0.4
  snapplot: 2.2.4
  snapspec: 1.2.4
  snap_manager: 1.1.4

Build: 2007-07-09 13:18
  concord: 3.3.5
  dat2site: 1.2.5
  listgps: 1.2.5
  snap: 2.2.5
  snapconv: 2.2.5
  snapgeoid: 2.2.5
  snapmerge: 1.0.5
  snapplot: 2.2.5
  snapspec: 1.2.5
  snap_manager: 1.1.5

Build: 2007-07-11 12:26
  concord: 3.3.6
  dat2site: 1.2.6
  listgps: 1.2.6
  snap: 2.2.6
  snapconv: 2.2.6
  snapgeoid: 2.2.6
  snapmerge: 1.0.6
  snapplot: 2.2.6
  snapspec: 1.2.6
  snap_manager: 1.1.6

Build: 2007-08-01 14:36
  concord: 3.3.7
  dat2site: 1.2.7
  listgps: 1.2.7
  snap: 2.2.7
  snapconv: 2.2.7
  snapgeoid: 2.2.7
  snapmerge: 1.0.7
  snapplot: 2.2.7
  snapspec: 1.2.7
  snap_manager: 1.1.7

Build: 2007-08-03 13:31
  concord: 3.3.8
  dat2site: 1.2.8
  listgps: 1.2.8
  snap: 2.2.8
  snapconv: 2.2.8
  snapgeoid: 2.2.8
  snapmerge: 1.0.8
  snapplot: 2.2.8
  snapspec: 1.2.8
  snap_manager: 1.1.8

Build: 2007-08-06 08:33
  concord: 3.3.9
  dat2site: 1.2.9
  listgps: 1.2.9
  snap: 2.2.9
  snapconv: 2.2.9
  snapgeoid: 2.2.9
  snapmerge: 1.0.9
  snapplot: 2.2.9
  snapspec: 1.2.9
  snap_manager: 1.1.9

Build: 2007-08-08 14:07
  concord: 3.3.10
  dat2site: 1.2.10
  listgps: 1.2.10
  snap: 2.2.10
  snapconv: 2.2.10
  snapgeoid: 2.2.10
  snapmerge: 1.0.10
  snapplot: 2.2.10
  snapspec: 1.2.10
  snap_manager: 1.1.10

Build: 2007-08-09 09:02
  concord: 3.3.11
  dat2site: 1.2.11
  listgps: 1.2.11
  snap: 2.2.11
  snapconv: 2.2.11
  snapgeoid: 2.2.11
  snapmerge: 1.0.11
  snapplot: 2.2.11
  snapspec: 1.2.11
  snap_manager: 1.1.11

Build: 2007-08-09 15:25
  concord: 3.3.12
  dat2site: 1.2.12
  listgps: 1.2.12
  snap: 2.2.12
  snapconv: 2.2.12
  snapgeoid: 2.2.12
  snapmerge: 1.0.12
  snapplot: 2.2.12
  snapspec: 1.2.12
  snap_manager: 1.1.12

Build: 2007-08-10 08:19
  concord: 3.3.13
  dat2site: 1.2.13
  listgps: 1.2.13
  snap: 2.2.13
  snapconv: 2.2.13
  snapgeoid: 2.2.13
  snapmerge: 1.0.13
  snapplot: 2.2.13
  snapspec: 1.2.13
  snap_manager: 1.1.13

Build: 2007-11-20 07:03
  concord: 3.3.14
  dat2site: 1.2.14
  listgps: 1.2.14
  snap: 2.2.14
  snapconv: 2.2.14
  snapgeoid: 2.2.14
  snapmerge: 1.0.14
  snapplot: 2.2.14
  snapspec: 1.2.14
  snap_manager: 1.1.14

Build: 2007-12-18 08:51
  concord: 3.3.15
  dat2site: 1.2.15
  listgps: 1.2.15
  snap: 2.2.15
  snapconv: 2.2.15
  snapgeoid: 2.2.15
  snapmerge: 1.0.15
  snapplot: 2.2.15
  snapspec: 1.2.15
  snap_manager: 1.1.15

Build: 2008-02-01 15:08
  concord: 3.3.16
  dat2site: 2.3.0
  listgps: 2.3.0
  snap: 2.3.0
  snapconv: 2.3.0
  snapgeoid: 2.3.0
  snapmerge: 1.0.16
  snapplot: 2.3.0
  snapspec: 2.3.0
  snap_manager: 2.3.0

Build: 2008-02-01 16:06
  concord: 3.3.17
  dat2site: 2.3.1
  listgps: 2.3.1
  snap: 2.3.1
  snapconv: 2.3.1
  snapgeoid: 2.3.1
  snapmerge: 1.0.17
  snapplot: 2.3.1
  snapspec: 2.3.1
  snap_manager: 2.3.1

Build: 2008-02-02 21:30
  concord: 3.3.18
  dat2site: 2.3.2
  listgps: 2.3.2
  snap: 2.3.2
  snapconv: 2.3.2
  snapgeoid: 2.3.2
  snapmerge: 1.0.18
  snapplot: 2.3.2
  snapspec: 2.3.2
  snap_manager: 2.3.2

Build: 2008-02-02 21:32
  concord: 3.3.19
  dat2site: 2.3.3
  listgps: 2.3.3
  snap: 2.3.3
  snapconv: 2.3.3
  snapgeoid: 2.3.3
  snapmerge: 1.0.19
  snapplot: 2.3.3
  snapspec: 2.3.3
  snap_manager: 2.3.3

Build: 2008-02-04 07:40
  concord: 3.3.20
  dat2site: 2.3.4
  listgps: 2.3.4
  snap: 2.3.4
  snapconv: 2.3.4
  snapgeoid: 2.3.4
  snapmerge: 1.0.20
  snapplot: 2.3.4
  snapspec: 2.3.4
  snap_manager: 2.3.4

Build: 2008-02-04 07:44
  concord: 3.3.21
  dat2site: 2.3.5
  listgps: 2.3.5
  snap: 2.3.5
  snapconv: 2.3.5
  snapgeoid: 2.3.5
  snapmerge: 1.0.21
  snapplot: 2.3.5
  snapspec: 2.3.5
  snap_manager: 2.3.5

Build: 2008-02-04 07:45
  concord: 3.3.22
  dat2site: 2.3.6
  listgps: 2.3.6
  snap: 2.3.6
  snapconv: 2.3.6
  snapgeoid: 2.3.6
  snapmerge: 1.0.22
  snapplot: 2.3.6
  snapspec: 2.3.6
  snap_manager: 2.3.6

Build: 2008-02-08 09:10
  concord: 3.3.23
  dat2site: 2.3.7
  listgps: 2.3.7
  site2gps: 2.3.2
  snap: 2.3.7
  snapconv: 2.3.7
  snapgeoid: 2.3.7
  snapmerge: 1.0.23
  snapplot: 2.3.7
  snapspec: 2.3.7
  snap_manager: 2.3.7

Build: 2008-04-29 08:35
  concord: 3.3.24
  dat2site: 2.3.8
  listgps: 2.3.8
  site2gps: 2.3.3
  snap: 2.3.8
  snapconv: 2.3.8
  snapgeoid: 2.3.8
  snapmerge: 1.0.24
  snapplot: 2.3.8
  snapspec: 2.3.8
  snap_manager: 2.3.8

Build: 2008-07-31 14:26
  concord: 3.3.25
  dat2site: 2.3.9
  listgps: 2.3.9
  site2gps: 2.3.4
  snap: 2.3.9
  snapconv: 2.3.9
  snapgeoid: 2.3.9
  snapmerge: 1.0.25
  snapplot: 2.3.9
  snapspec: 2.3.9
  snap_manager: 2.3.9

Build: 2009-03-18 11:28
  concord: 3.3.26
  dat2site: 2.3.10
  listgps: 2.3.10
  site2gps: 2.3.5
  snap: 2.3.10
  snapconv: 2.3.10
  snapgeoid: 2.3.10
  snapmerge: 1.0.26
  snapplot: 2.3.10
  snapspec: 2.3.10
  snap_manager: 2.3.10

Build: 2009-03-18 11:57
  concord: 3.3.27
  dat2site: 2.3.11
  listgps: 2.3.11
  site2gps: 2.3.6
  snap: 2.3.11
  snapconv: 2.3.11
  snapgeoid: 2.3.11
  snapmerge: 1.0.27
  snapplot: 2.3.11
  snapspec: 2.3.11
  snap_manager: 2.3.11

Build: 2009-03-23 11:31
  concord: 3.3.28
  dat2site: 2.3.12
  listgps: 2.3.12
  site2gps: 2.3.7
  snap: 2.3.12
  snapconv: 2.3.12
  snapgeoid: 2.3.12
  snapmerge: 1.0.28
  snapplot: 2.3.12
  snapspec: 2.3.12
  snap_manager: 1.0.0

Build: 2009-03-23 11:57

Build: 2009-03-23 12:09
  nzmapconv: 1.0.0

Build: 2009-03-24 07:28
  nzmapconv: 1.0.1

Build: 2009-03-24 07:56
  nzmapconv: 1.0.2

Build: 2009-04-01 13:54
  nzmapconv: 1.0.3

Build: 2009-04-01 14:05
  nzmapconv: 1.0.4

Build: 2009-04-01 14:06
  nzmapconv: 1.0.2

Build: 2009-04-03 09:53
  nzmapconv: 1.0.3

Build: 2009-04-27 13:31
  nzmapconv: 1.0.4

Build: 2009-06-26 11:09
  concord: 3.3.28
  dat2site: 2.3.12
  listgps: 2.3.12
  site2gps: 2.3.5
  snap: 2.3.12
  snapconv: 2.3.12
  snapgeoid: 2.3.12
  snapmerge: 1.0.28
  snapplot: 2.3.12
  snapspec: 2.3.12
  snap_manager: 2.3.12

Build: 2009-06-26 11:10
  nzmapconv: 1.0.5

Build: 2009-06-26 11:13
  nzmapconv: 1.0.6

Build: 2009-06-26 11:17
  concord: 3.3.29
  dat2site: 2.3.13
  listgps: 2.3.13
  site2gps: 2.3.6
  snap: 2.3.13
  snapconv: 2.3.13
  snapgeoid: 2.3.13
  snapmerge: 1.0.29
  snapplot: 2.3.13
  snapspec: 2.3.13
  snap_manager: 2.3.13

Build: 2009-06-26 11:21
  concord: 3.3.30
  dat2site: 2.3.14
  listgps: 2.3.14
  site2gps: 2.3.7
  snap: 2.3.14
  snapconv: 2.3.14
  snapgeoid: 2.3.14
  snapmerge: 1.0.30
  snapplot: 2.3.14
  snapspec: 2.3.14
  snap_manager: 2.3.14

Build: 2009-07-17 08:34
  concord: 3.3.31
  dat2site: 2.3.15
  listgps: 2.3.15
  site2gps: 2.3.8
  snap: 2.3.15
  snapconv: 2.3.15
  snapgeoid: 2.3.15
  snapmerge: 1.0.31
  snapplot: 2.3.15
  snapspec: 2.3.15
  snap_manager: 2.3.12

Build: 2009-07-17 08:38
  concord: 3.3.32
  dat2site: 2.3.16
  listgps: 2.3.16
  site2gps: 2.3.9
  snap: 2.3.16
  snapconv: 2.3.16
  snapgeoid: 2.3.16
  snapmerge: 1.0.32
  snapplot: 2.3.16
  snapspec: 2.3.16
  snap_manager: 2.3.13

Build: 2009-07-17 09:49
  concord: 3.3.33
  dat2site: 2.3.17
  listgps: 2.3.17
  site2gps: 2.3.10
  snap: 2.3.17
  snapconv: 2.3.17
  snapgeoid: 2.3.17
  snapmerge: 2.3.33
  snapplot: 2.3.17
  snapspec: 2.3.17
  snap_manager: 2.3.14

Build: 2009-07-17 09:57
  concord: 3.3.34
  dat2site: 2.3.18
  listgps: 2.3.18
  site2gps: 2.3.11
  snap: 2.3.18
  snapconv: 2.3.18
  snapgeoid: 2.3.18
  snapmerge: 2.3.34
  snapplot: 2.3.18
  snapspec: 2.3.18
  snap_manager: 2.3.15

Build: 2009-07-29 12:06
  concord: 3.3.35
  dat2site: 2.3.19
  listgps: 2.3.19
  site2gps: 2.3.12
  snap: 2.3.19
  snapconv: 2.3.19
  snapgeoid: 2.3.19
  snapmerge: 2.3.35
  snapplot: 2.3.19
  snapspec: 2.3.19
  snap_manager: 2.3.16

Build: 2009-07-29 12:23
  concord: 3.3.36
  dat2site: 2.3.20
  listgps: 2.3.20
  site2gps: 2.3.13
  snap: 2.3.20
  snapconv: 2.3.20
  snapgeoid: 2.3.20
  snapmerge: 2.3.36
  snapplot: 2.3.20
  snapspec: 2.3.20
  snap_manager: 2.3.17

Build: 2009-07-29 14:04
  concord: 3.3.37
  dat2site: 2.3.21
  listgps: 2.3.21
  site2gps: 2.3.14
  snap: 2.3.21
  snapconv: 2.3.21
  snapgeoid: 2.3.21
  snapmerge: 2.3.37
  snapplot: 2.3.21
  snapspec: 2.3.21
  snap_manager: 2.3.18

Build: 2009-08-07 09:14
  concord: 3.3.38
  dat2site: 2.3.22
  listgps: 2.3.22
  site2gps: 2.3.15
  snap: 2.3.22
  snapconv: 2.3.22
  snapgeoid: 2.3.22
  snapmerge: 2.3.38
  snapplot: 2.3.22
  snapspec: 2.3.22
  snap_manager: 2.3.19

Build: 2009-08-07 09:18
  concord: 3.3.39
  dat2site: 2.3.23
  listgps: 2.3.23
  site2gps: 2.3.16
  snap: 2.3.23
  snapconv: 2.3.23
  snapgeoid: 2.3.23
  snapmerge: 2.3.39
  snapplot: 2.3.23
  snapspec: 2.3.23
  snap_manager: 2.3.20

Build: 2009-09-14 14:54
  nzmapconv: 1.0.7

Build: 2009-09-14 14:55
  nzmapconv: 1.0.8

Build: 2009-09-15 11:19
  concord: 3.3.40
  dat2site: 2.3.24
  listgps: 2.3.24
  site2gps: 2.3.17
  snap: 2.3.24
  snapconv: 2.3.24
  snapgeoid: 2.3.24
  snapmerge: 2.3.40
  snapplot: 2.3.24
  snapspec: 2.3.24
  snap_manager: 2.3.21

Build: 2009-09-15 13:28
  concord: 3.3.41
  dat2site: 2.3.25
  listgps: 2.3.25
  site2gps: 2.3.18
  snap: 2.3.25
  snapconv: 2.3.25
  snapgeoid: 2.3.25
  snapmerge: 2.3.41
  snapplot: 2.3.25
  snapspec: 2.3.25
  snap_manager: 2.3.22

Build: 2009-09-17 12:06
  nzmapconv: 1.0.9

Build: 2009-09-17 12:15
  nzmapconv: 1.0.10

Build: 2009-09-21 10:24
  nzmapconv: 1.0.11

Build: 2009-09-21 11:05
  nzmapconv: 1.0.12

Build: 2009-09-30 13:51
  nzmapconv: 1.0.13

Build: 2009-10-06 10:44
  concord: 3.3.42
  dat2site: 2.3.26
  listgps: 2.3.26
  site2gps: 2.3.19
  snap: 2.3.26
  snapconv: 2.3.26
  snapgeoid: 2.3.26
  snapmerge: 2.3.42
  snapplot: 2.3.26
  snapspec: 2.3.26
  snap_manager: 2.3.23

Build: 2009-10-06 11:39
  concord: 3.3.43
  dat2site: 2.3.27
  listgps: 2.3.27
  site2gps: 2.3.20
  snap: 2.3.27
  snapconv: 2.3.27
  snapgeoid: 2.3.27
  snapmerge: 2.3.43
  snapplot: 2.3.27
  snapspec: 2.3.27
  snap_manager: 2.3.24

Build: 2009-10-06 11:56
  concord: 3.3.44
  dat2site: 2.3.28
  listgps: 2.3.28
  site2gps: 2.3.21
  snap: 2.3.28
  snapconv: 2.3.28
  snapgeoid: 2.3.28
  snapmerge: 2.3.44
  snapplot: 2.3.28
  snapspec: 2.3.28
  snap_manager: 2.3.25

Build: 2009-10-06 12:05
  concord: 3.3.45
  dat2site: 2.3.29
  listgps: 2.3.29
  site2gps: 2.3.22
  snap: 2.3.29
  snapconv: 2.3.29
  snapgeoid: 2.3.29
  snapmerge: 2.3.45
  snapplot: 2.3.29
  snapspec: 2.3.29
  snap_manager: 2.3.26

Build: 2009-10-07 08:37
  concord: 3.3.46
  dat2site: 2.3.30
  listgps: 2.3.30
  site2gps: 2.3.23
  snap: 2.3.30
  snapconv: 2.3.30
  snapgeoid: 2.3.30
  snapmerge: 2.3.46
  snapplot: 2.3.30
  snapspec: 2.3.30
  snap_manager: 2.3.27

Build: 2009-10-14 07:57
  concord: 3.3.47
  dat2site: 2.3.31
  listgps: 2.3.31
  site2gps: 2.3.24
  snap: 2.3.31
  snapconv: 2.3.31
  snapgeoid: 2.3.31
  snapmerge: 2.3.47
  snapplot: 2.3.31
  snapspec: 2.3.31
  snap_manager: 2.3.28

Build: 2009-10-27 07:53
  concord: 3.3.48
  dat2site: 2.3.32
  listgps: 2.3.32
  site2gps: 2.3.25
  snap: 2.3.32
  snapconv: 2.3.32
  snapgeoid: 2.3.32
  snapmerge: 2.3.48
  snapplot: 2.3.32
  snapspec: 2.3.32
  snap_manager: 2.3.29

Build: 2009-10-27 07:55
  concord: 3.3.49
  dat2site: 2.3.33
  listgps: 2.3.33
  site2gps: 2.3.26
  snap: 2.3.33
  snapconv: 2.3.33
  snapgeoid: 2.3.33
  snapmerge: 2.3.49
  snapplot: 2.3.33
  snapspec: 2.3.33
  snap_manager: 2.3.30

Build: 2009-12-07 08:03
  concord: 3.3.50
  dat2site: 2.3.34
  listgps: 2.3.34
  site2gps: 2.3.27
  snap: 2.3.34
  snapconv: 2.3.34
  snapgeoid: 2.3.34
  snapmerge: 2.3.50
  snapplot: 2.3.34
  snapspec: 2.3.34
  snap_manager: 2.3.31

Build: 2009-12-07 08:06
  concord: 3.3.51
  dat2site: 2.3.35
  listgps: 2.3.35
  site2gps: 2.3.28
  snap: 2.3.35
  snapconv: 2.3.35
  snapgeoid: 2.3.35
  snapmerge: 2.3.51
  snapplot: 2.3.35
  snapspec: 2.3.35
  snap_manager: 2.3.32

Build: 2009-12-07 14:10
  concord: 3.3.52
  dat2site: 2.3.36
  listgps: 2.3.36
  site2gps: 2.3.29
  snap: 2.3.36
  snapconv: 2.3.36
  snapgeoid: 2.3.36
  snapmerge: 2.3.52
  snapplot: 2.3.36
  snapspec: 2.3.36
  snap_manager: 2.3.33

Build: 2009-12-07 15:16
  concord: 3.3.53
  dat2site: 2.3.37
  listgps: 2.3.37
  site2gps: 2.3.30
  snap: 2.3.37
  snapconv: 2.3.37
  snapgeoid: 2.3.37
  snapmerge: 2.3.53
  snapplot: 2.3.37
  snapspec: 2.3.37
  snap_manager: 2.3.34

Build: 2009-12-07 15:24
  concord: 3.3.54
  dat2site: 2.3.38
  listgps: 2.3.38
  site2gps: 2.3.31
  snap: 2.3.38
  snapconv: 2.3.38
  snapgeoid: 2.3.38
  snapmerge: 2.3.54
  snapplot: 2.3.38
  snapspec: 2.3.38
  snap_manager: 2.3.35

Build: 2009-12-08 09:27
  concord: 3.3.55
  dat2site: 2.3.39
  listgps: 2.3.39
  site2gps: 2.3.32
  snap: 2.3.39
  snapconv: 2.3.39
  snapgeoid: 2.3.39
  snapmerge: 2.3.55
  snapplot: 2.3.39
  snapspec: 2.3.39
  snap_manager: 2.3.36

Build: 2010-01-06 08:25
  concord: 3.3.56
  dat2site: 2.3.40
  listgps: 2.3.40
  site2gps: 2.3.33
  snap: 2.3.40
  snapconv: 2.3.40
  snapgeoid: 2.3.40
  snapmerge: 2.3.56
  snapplot: 2.3.40
  snapspec: 2.3.40
  snap_manager: 2.3.37

Build: 2010-05-24 12:52
  concord: 3.3.57
  dat2site: 2.3.41
  listgps: 2.3.41
  site2gps: 2.3.34
  snap: 2.3.41
  snapconv: 2.3.41
  snapgeoid: 2.3.41
  snapmerge: 2.3.57
  snapplot: 2.3.41
  snapspec: 2.3.41
  snap_manager: 2.3.38

Build: 2010-05-24 12:53
  concord: 3.3.58
  dat2site: 2.3.42
  listgps: 2.3.42
  site2gps: 2.3.35
  snap: 2.3.42
  snapconv: 2.3.42
  snapgeoid: 2.3.42
  snapmerge: 2.3.58
  snapplot: 2.3.42
  snapspec: 2.3.42
  snap_manager: 2.3.39

Build: 2010-06-17 10:00
  concord: 3.3.59
  dat2site: 2.3.43
  listgps: 2.3.43
  site2gps: 2.3.36
  snap: 2.3.43
  snapconv: 2.3.43
  snapgeoid: 2.3.43
  snapmerge: 2.3.59
  snapplot: 2.3.43
  snapspec: 2.3.43
  snap_manager: 2.3.40

Build: 2010-06-17 10:03
  concord: 3.3.60
  dat2site: 2.3.44
  listgps: 2.3.44
  site2gps: 2.3.37
  snap: 2.3.44
  snapconv: 2.3.44
  snapgeoid: 2.3.44
  snapmerge: 2.3.60
  snapplot: 2.3.44
  snapspec: 2.3.44
  snap_manager: 2.3.41

Build: 2010-08-17 09:01
  concord: 3.3.61
  dat2site: 2.3.45
  listgps: 2.3.45
  site2gps: 2.3.38
  snap: 2.3.45
  snapconv: 2.3.45
  snapgeoid: 2.3.45
  snapmerge: 2.3.61
  snapplot: 2.3.45
  snapspec: 2.3.45
  snap_manager: 2.3.42

Build: 2010-08-17 09:03
  concord: 3.3.62
  dat2site: 2.3.46
  listgps: 2.3.46
  site2gps: 2.3.39
  snap: 2.3.46
  snapconv: 2.3.46
  snapgeoid: 2.3.46
  snapmerge: 2.3.62
  snapplot: 2.3.46
  snapspec: 2.3.46
  snap_manager: 2.3.43

Build: 2010-08-23 14:03
  concord: 3.3.63
  dat2site: 2.3.47
  listgps: 2.3.47
  site2gps: 2.3.40
  snap: 2.3.47
  snapconv: 2.3.47
  snapgeoid: 2.3.47
  snapmerge: 2.3.63
  snapplot: 2.3.47
  snapspec: 2.3.47
  snap_manager: 2.3.44

Build: 2011-04-27 12:03
  concord: 3.3.64
  dat2site: 2.3.48
  listgps: 2.3.48
  site2gps: 2.3.41
  snap: 2.3.48
  snapconv: 2.3.48
  snapgeoid: 2.3.48
  snapmerge: 2.3.64
  snapplot: 2.3.48
  snapspec: 2.3.48
  snap_manager: 2.3.45

Build: 2011-04-27 12:05
  concord: 3.3.65
  dat2site: 2.3.49
  listgps: 2.3.49
  site2gps: 2.3.42
  snap: 2.3.49
  snapconv: 2.3.49
  snapgeoid: 2.3.49
  snapmerge: 2.3.65
  snapplot: 2.3.49
  snapspec: 2.3.49
  snap_manager: 2.3.46

Build: 2011-06-08 08:18
  concord: 3.3.66
  dat2site: 2.3.50
  listgps: 2.3.50
  site2gps: 2.3.43
  snap: 2.3.50
  snapconv: 2.3.50
  snapgeoid: 2.3.50
  snapmerge: 2.3.66
  snapplot: 2.3.50
  snapspec: 2.3.50
  snap_manager: 2.3.47

Build: 2011-06-08 09:23
  concord: 3.3.67
  dat2site: 2.3.51
  listgps: 2.3.51
  site2gps: 2.3.44
  snap: 2.3.51
  snapconv: 2.3.51
  snapgeoid: 2.3.51
  snapmerge: 2.3.67
  snapplot: 2.3.51
  snapspec: 2.3.51
  snap_manager: 2.3.48

Build: 2011-06-13 14:57
  concord: 3.3.68
  dat2site: 2.3.52
  listgps: 2.3.52
  site2gps: 2.3.45
  snap: 2.3.52
  snapconv: 2.3.52
  snapgeoid: 2.3.52
  snapmerge: 2.3.68
  snapplot: 2.3.52
  snapspec: 2.3.52
  snap_manager: 2.3.49

Build: 2011-08-12 20:08
  concord: 3.3.69
  dat2site: 2.3.53
  listgps: 2.3.53
  site2gps: 2.3.46
  snap: 2.3.53
  snapconv: 2.3.53
  snapgeoid: 2.3.53
  snapmerge: 2.3.69
  snapplot: 2.3.53
  snapspec: 2.3.53
  snap_manager: 2.3.50

Build: 2011-08-14 08:32
  concord: 3.3.69
  dat2site: 2.3.53
  listgps: 2.3.53
  site2gps: 2.3.46
  snap: 2.3.53
  snapconv: 2.3.53
  snapgeoid: 2.3.53
  snapmerge: 2.3.69
  snapplot: 2.3.53
  snapspec: 2.3.53
  snap_manager: 2.3.50

Build: 2011-08-14 08:35
  concord: 3.3.70
  dat2site: 2.3.54
  listgps: 2.3.54
  site2gps: 2.3.47
  snap: 2.3.54
  snapconv: 2.3.54
  snapgeoid: 2.3.54
  snapmerge: 2.3.70
  snapplot: 2.3.54
  snapspec: 2.3.54
  snap_manager: 2.3.51
